[19:34:27] ---- BEAUTYQUESTS LOGGER - OPENED Wed Jan 01 19:34:27 UTC 2025 ----
[19:34:29] [DEBUG] Loading data file, last time edited : Wed Jan 01 19:34:25 UTC 2025
[19:34:29] [DEBUG] Initializing default stage types.
[19:34:29] [DEBUG] Stage registered (Mobs, 0)
[19:34:29] [DEBUG] Stage registered (Mine, 1)
[19:34:29] [DEBUG] Stage registered (Place, 2)
[19:34:29] [DEBUG] Stage registered (Chat, 3)
[19:34:29] [DEBUG] Stage registered (InteractBlock, 4)
[19:34:29] [DEBUG] Stage registered (InteractLocation, 5)
[19:34:29] [DEBUG] Stage registered (Fish, 6)
[19:34:29] [DEBUG] Stage registered (Melt, 7)
[19:34:29] [DEBUG] Stage registered (Enchant, 8)
[19:34:29] [DEBUG] Stage registered (Craft, 9)
[19:34:29] [DEBUG] Stage registered (Bucket, 10)
[19:34:29] [DEBUG] Stage registered (StageLocation, 11)
[19:34:29] [DEBUG] Stage registered (PlayTime, 12)
[19:34:29] [DEBUG] Stage registered (Breed, 13)
[19:34:29] [DEBUG] Stage registered (Tame, 14)
[19:34:29] [DEBUG] Stage registered (Death, 15)
[19:34:29] [DEBUG] Stage registered (DealDamage, 16)
[19:34:29] [DEBUG] Stage registered (EatDrink, 17)
[19:34:29] [DEBUG] Initializing default quest options.
[19:34:29] [DEBUG] Quest option registered (id: pool)
[19:34:29] [DEBUG] Quest option registered (id: name)
[19:34:29] [DEBUG] Quest option registered (id: description)
[19:34:29] [DEBUG] Quest option registered (id: customItem)
[19:34:29] [DEBUG] Quest option registered (id: confirmMessage)
[19:34:29] [DEBUG] Quest option registered (id: bypassLimit)
[19:34:29] [DEBUG] Quest option registered (id: startableFromGUI)
[19:34:29] [DEBUG] Quest option registered (id: failOnDeath)
[19:34:29] [DEBUG] Quest option registered (id: cancellable)
[19:34:29] [DEBUG] Quest option registered (id: cancelActions)
[19:34:29] [DEBUG] Quest option registered (id: scoreboard)
[19:34:29] [DEBUG] Quest option registered (id: hideNoRequirements)
[19:34:29] [DEBUG] Quest option registered (id: auto)
[19:34:29] [DEBUG] Quest option registered (id: repeatable)
[19:34:29] [DEBUG] Quest option registered (id: timer)
[19:34:29] [DEBUG] Quest option registered (id: visibility)
[19:34:29] [DEBUG] Quest option registered (id: endSound)
[19:34:29] [DEBUG] Quest option registered (id: firework)
[19:34:29] [DEBUG] Quest option registered (id: requirements)
[19:34:29] [DEBUG] Quest option registered (id: startRewards)
[19:34:29] [DEBUG] Quest option registered (id: startMessage)
[19:34:29] [DEBUG] Quest option registered (id: endRewards)
[19:34:29] [DEBUG] Quest option registered (id: endMsg)
[19:34:29] [DEBUG] Initializing default item comparisons.
[19:34:29] [DEBUG] Item comparison registered (id: bukkit)
[19:34:29] [DEBUG] Item comparison registered (id: customBukkit)
[19:34:29] [DEBUG] Item comparison registered (id: material)
[19:34:29] [DEBUG] Item comparison registered (id: name)
[19:34:29] [DEBUG] Item comparison registered (id: lore)
[19:34:29] [DEBUG] Item comparison registered (id: enchants)
[19:34:29] [DEBUG] Item comparison registered (id: repair)
[19:34:29] [DEBUG] Initializing default rewards.
[19:34:29] [DEBUG] Quest object registered in registry rewards (id: commandReward, class: fr.skytasul.quests.rewards.CommandReward)
[19:34:29] [DEBUG] Quest object registered in registry rewards (id: itemReward, class: fr.skytasul.quests.rewards.ItemReward)
[19:34:29] [DEBUG] Quest object registered in registry rewards (id: removeItemsReward, class: fr.skytasul.quests.rewards.RemoveItemsReward)
[19:34:29] [DEBUG] Quest object registered in registry rewards (id: textReward, class: fr.skytasul.quests.rewards.MessageReward)
[19:34:29] [DEBUG] Quest object registered in registry rewards (id: tpReward, class: fr.skytasul.quests.rewards.TeleportationReward)
[19:34:29] [DEBUG] Quest object registered in registry rewards (id: expReward, class: fr.skytasul.quests.rewards.XPReward)
[19:34:29] [DEBUG] Quest object registered in registry rewards (id: checkpointReward, class: fr.skytasul.quests.rewards.CheckpointReward)
[19:34:29] [DEBUG] Quest object registered in registry rewards (id: questStopReward, class: fr.skytasul.quests.rewards.QuestStopReward)
[19:34:29] [DEBUG] Quest object registered in registry rewards (id: requirementDependentReward, class: fr.skytasul.quests.rewards.RequirementDependentReward)
[19:34:29] [DEBUG] Quest object registered in registry rewards (id: randomReward, class: fr.skytasul.quests.rewards.RandomReward)
[19:34:29] [DEBUG] Quest object registered in registry rewards (id: wait, class: fr.skytasul.quests.rewards.WaitReward)
[19:34:29] [DEBUG] Quest object registered in registry rewards (id: titleReward, class: fr.skytasul.quests.rewards.TitleReward)
[19:34:29] [DEBUG] Initializing default requirements.
[19:34:29] [DEBUG] Quest object registered in registry requirements (id: logicalOr, class: fr.skytasul.quests.requirements.logical.LogicalOrRequirement)
[19:34:29] [DEBUG] Quest object registered in registry requirements (id: questRequired, class: fr.skytasul.quests.requirements.QuestRequirement)
[19:34:29] [DEBUG] Quest object registered in registry requirements (id: levelRequired, class: fr.skytasul.quests.requirements.LevelRequirement)
[19:34:29] [DEBUG] Quest object registered in registry requirements (id: permissionRequired, class: fr.skytasul.quests.requirements.PermissionsRequirement)
[19:34:29] [DEBUG] Quest object registered in registry requirements (id: scoreboardRequired, class: fr.skytasul.quests.requirements.ScoreboardRequirement)
[19:34:29] [DEBUG] Quest object registered in registry requirements (id: equipmentRequired, class: fr.skytasul.quests.requirements.EquipmentRequirement)
[19:34:29] [DEBUG] Initializing default stage options.
[19:34:29] [DEBUG] Quest object registered in registry stage-options-MOBS (id: progressbar, class: fr.skytasul.quests.stages.options.StageOptionProgressBar)
[19:34:29] [DEBUG] Quest object registered in registry stage-options-MINE (id: progressbar, class: fr.skytasul.quests.stages.options.StageOptionProgressBar)
[19:34:29] [DEBUG] Quest object registered in registry stage-options-PLACE_BLOCKS (id: progressbar, class: fr.skytasul.quests.stages.options.StageOptionProgressBar)
[19:34:29] [DEBUG] Quest object registered in registry stage-options-FISH (id: progressbar, class: fr.skytasul.quests.stages.options.StageOptionProgressBar)
[19:34:29] [DEBUG] Quest object registered in registry stage-options-MELT (id: progressbar, class: fr.skytasul.quests.stages.options.StageOptionProgressBar)
[19:34:29] [DEBUG] Quest object registered in registry stage-options-ENCHANT (id: progressbar, class: fr.skytasul.quests.stages.options.StageOptionProgressBar)
[19:34:29] [DEBUG] Quest object registered in registry stage-options-CRAFT (id: progressbar, class: fr.skytasul.quests.stages.options.StageOptionProgressBar)
[19:34:29] [DEBUG] Quest object registered in registry stage-options-BUCKET (id: progressbar, class: fr.skytasul.quests.stages.options.StageOptionProgressBar)
[19:34:29] [DEBUG] Quest object registered in registry stage-options-PLAY_TIME (id: progressbar, class: fr.skytasul.quests.stages.options.StageOptionProgressBar)
[19:34:29] [DEBUG] Quest object registered in registry stage-options-BREED (id: progressbar, class: fr.skytasul.quests.stages.options.StageOptionProgressBar)
[19:34:29] [DEBUG] Quest object registered in registry stage-options-TAME (id: progressbar, class: fr.skytasul.quests.stages.options.StageOptionProgressBar)
[19:34:29] [DEBUG] Quest object registered in registry stage-options-DEAL_DAMAGE (id: progressbar, class: fr.skytasul.quests.stages.options.StageOptionProgressBar)
[19:34:29] [DEBUG] Quest object registered in registry stage-options-EAT_DRINK (id: progressbar, class: fr.skytasul.quests.stages.options.StageOptionProgressBar)
[19:34:29] [DEBUG] Initializing default miscellenaeous.
[19:34:29] [DEBUG] Mob factory registered (id: bukkitEntity)
[19:34:29] [DEBUG] Bossbars manager has been registered: fr.skytasul.quests.utils.compatibility.BQBossBarImplementation
[19:34:29] [DEBUG] Brigadier registered!
[19:34:29] [DEBUG] Started bStats metrics
[19:34:29] [DEBUG] Starting Spigot updater
[19:34:30] [DEBUG] 0 accounts loaded and 2 identifiers.
[19:34:30] [DEBUG] Registered 5 lines in scoreboard
[19:34:30] [DEBUG] Loading player DenverKxng...
[19:34:30] [DEBUG] Loading account #1. Last file edition: Wed Jan 01 19:34:25 UTC 2025
[19:34:30] [DEBUG] Completed load of DenverKxng (92bacc08-07e1-34b6-901c-37eb5a89026e (#1)) datas within 11 ms (1 quests, 0 pools) | Loaded from file from index
